<?xml version="1.0" encoding="UTF-8"?>
<!-- Generated by org.testng.reporters.JUnitXMLReporter -->
<testsuite ignored="0" hostname="LAPTOP-LO3ENO1Q" failures="0" tests="10" name="Test" time="76.355" errors="0" timestamp="2021-09-28T18:21:49 IST">
  <testcase classname="com.urbanladder.runner.Runner" name="Login" time="10.767"/>
  <testcase classname="com.urbanladder.runner.Runner" name="DiningTable" time="1.565"/>
  <testcase classname="com.urbanladder.runner.Runner" name="Sale" time="9.422"/>
  <testcase classname="com.urbanladder.runner.Runner" name="Living" time="8.365"/>
  <testcase classname="com.urbanladder.runner.Runner" name="Bedroom" time="8.158"/>
  <testcase classname="com.urbanladder.runner.Runner" name="Storage" time="8.345"/>
  <testcase classname="com.urbanladder.runner.Runner" name="Study" time="8.034"/>
  <testcase classname="com.urbanladder.runner.Runner" name="Kids" time="7.968"/>
  <testcase classname="com.urbanladder.runner.Runner" name="GiftCard" time="9.118"/>
  <testcase classname="com.urbanladder.runner.Runner" name="BulkOrder" time="2.166"/>
</testsuite> <!-- Test -->
