<?xml version="1.0" encoding="UTF-8"?>
<testng-results ignored="0" total="10" passed="10" failed="0" skipped="0">
  <reporter-output>
  </reporter-output>
  <suite started-at="2021-09-28T18:20:32 IST" name="Suite" finished-at="2021-09-28T18:21:49 IST" duration-ms="76355">
    <groups>
    </groups>
    <test started-at="2021-09-28T18:20:32 IST" name="Test" finished-at="2021-09-28T18:21:49 IST" duration-ms="76355">
      <class name="com.urbanladder.runner.Runner">
        <test-method is-config="true" signature="homePage()[pri:0, instance:com.urbanladder.runner.Runner@76075d65]" started-at="2021-09-28T18:20:32 IST" name="homePage" finished-at="2021-09-28T18:20:34 IST" duration-ms="1769" status="PASS">
          <reporter-output>
          </reporter-output>
        </test-method> <!-- homePage -->
        <test-method signature="Login()[pri:0, instance:com.urbanladder.runner.Runner@76075d65]" started-at="2021-09-28T18:20:34 IST" name="Login" finished-at="2021-09-28T18:20:45 IST" duration-ms="10767" status="PASS">
          <reporter-output>
          </reporter-output>
        </test-method> <!-- Login -->
        <test-method signature="DiningTable(java.lang.String)[pri:1, instance:com.urbanladder.runner.Runner@76075d65]" started-at="2021-09-28T18:20:46 IST" name="DiningTable" data-provider="getSearchData" finished-at="2021-09-28T18:20:47 IST" duration-ms="1565" status="PASS">
          <params>
            <param index="0">
              <value>
                <![CDATA[dining table]]>
              </value>
            </param>
          </params>
          <reporter-output>
          </reporter-output>
        </test-method> <!-- DiningTable -->
        <test-method signature="Sale()[pri:2, instance:com.urbanladder.runner.Runner@76075d65]" started-at="2021-09-28T18:20:47 IST" name="Sale" finished-at="2021-09-28T18:20:57 IST" duration-ms="9422" status="PASS">
          <reporter-output>
          </reporter-output>
        </test-method> <!-- Sale -->
        <test-method signature="Living()[pri:3, instance:com.urbanladder.runner.Runner@76075d65]" started-at="2021-09-28T18:20:57 IST" name="Living" finished-at="2021-09-28T18:21:05 IST" duration-ms="8365" status="PASS">
          <reporter-output>
          </reporter-output>
        </test-method> <!-- Living -->
        <test-method signature="Bedroom()[pri:4, instance:com.urbanladder.runner.Runner@76075d65]" started-at="2021-09-28T18:21:05 IST" name="Bedroom" finished-at="2021-09-28T18:21:13 IST" duration-ms="8158" status="PASS">
          <reporter-output>
          </reporter-output>
        </test-method> <!-- Bedroom -->
        <test-method signature="Storage()[pri:5, instance:com.urbanladder.runner.Runner@76075d65]" started-at="2021-09-28T18:21:13 IST" name="Storage" finished-at="2021-09-28T18:21:22 IST" duration-ms="8345" status="PASS">
          <reporter-output>
          </reporter-output>
        </test-method> <!-- Storage -->
        <test-method signature="Study()[pri:6, instance:com.urbanladder.runner.Runner@76075d65]" started-at="2021-09-28T18:21:22 IST" name="Study" finished-at="2021-09-28T18:21:30 IST" duration-ms="8034" status="PASS">
          <reporter-output>
          </reporter-output>
        </test-method> <!-- Study -->
        <test-method signature="Kids()[pri:7, instance:com.urbanladder.runner.Runner@76075d65]" started-at="2021-09-28T18:21:30 IST" name="Kids" finished-at="2021-09-28T18:21:38 IST" duration-ms="7968" status="PASS">
          <reporter-output>
          </reporter-output>
        </test-method> <!-- Kids -->
        <test-method signature="GiftCard()[pri:8, instance:com.urbanladder.runner.Runner@76075d65]" started-at="2021-09-28T18:21:38 IST" name="GiftCard" finished-at="2021-09-28T18:21:47 IST" duration-ms="9118" status="PASS">
          <reporter-output>
          </reporter-output>
        </test-method> <!-- GiftCard -->
        <test-method signature="BulkOrder()[pri:9, instance:com.urbanladder.runner.Runner@76075d65]" started-at="2021-09-28T18:21:47 IST" name="BulkOrder" finished-at="2021-09-28T18:21:49 IST" duration-ms="2166" status="PASS">
          <reporter-output>
          </reporter-output>
        </test-method> <!-- BulkOrder -->
      </class> <!-- com.urbanladder.runner.Runner -->
    </test> <!-- Test -->
  </suite> <!-- Suite -->
</testng-results>
